<?xml version="1.0" encoding="UTF-8" ?>
<testsuite tests="1" failures="1" name="TestSuite" time="83.764" errors="0" skipped="0">
  <properties>
[...]
</properties>
  <testcase classname="TestRun.SampleTests" name="setUp" time="83.764">
    <failure message="chrome not reachable
  (Session info: chrome=81.0.4044.138)
Build info: version: &apos;3.14.0&apos;, revision: &apos;aacccce0&apos;, time: &apos;2018-08-02T20:19:58.91Z&apos;
System info: host: &apos;RAMKUMAR-PC&apos;, ip: &apos;192.168.43.153&apos;, os.name: &apos;Windows 7&apos;, os.arch: &apos;x86&apos;, os.version: &apos;6.1&apos;, java.version: &apos;1.8.0_151&apos;
Driver info: org.openqa.selenium.chrome.ChromeDriver
Capabilities {acceptInsecureCerts: false, browserName: chrome, browserVersion: 81.0.4044.138, chrome: {chromedriverVersion: 80.0.3987.106 (f68069574609..., userDataDir: C:\Users\Ramkumar\AppData\L...}, goog:chromeOptions: {debuggerAddress: localhost:51614}, javascriptEnabled: true, networkConnectionEnabled: false, pageLoadStrategy: normal, platform: WINDOWS, platformName: WINDOWS, proxy: Proxy(), setWindowRect: true, strictFileInteractability: false, timeouts: {implicit: 0, pageLoad: 300000, script: 30000}, unhandledPromptBehavior: dismiss and notify}
Session ID: a349eb78f4b290c48e141ea296f577ff
*** Element info: {Using=xpath, value=//li/a[contains(text(),&apos;My addresses&apos;)]}" type="org.openqa.selenium.WebDriverException">org.openqa.selenium.WebDriverException: chrome not reachable
  (Session info: chrome=81.0.4044.138)
Build info: version: &apos;3.14.0&apos;, revision: &apos;aacccce0&apos;, time: &apos;2018-08-02T20:19:58.91Z&apos;
System info: host: &apos;RAMKUMAR-PC&apos;, ip: &apos;192.168.43.153&apos;, os.name: &apos;Windows 7&apos;, os.arch: &apos;x86&apos;, os.version: &apos;6.1&apos;, java.version: &apos;1.8.0_151&apos;
Driver info: org.openqa.selenium.chrome.ChromeDriver
Capabilities {acceptInsecureCerts: false, browserName: chrome, browserVersion: 81.0.4044.138, chrome: {chromedriverVersion: 80.0.3987.106 (f68069574609..., userDataDir: C:\Users\Ramkumar\AppData\L...}, goog:chromeOptions: {debuggerAddress: localhost:51614}, javascriptEnabled: true, networkConnectionEnabled: false, pageLoadStrategy: normal, platform: WINDOWS, platformName: WINDOWS, proxy: Proxy(), setWindowRect: true, strictFileInteractability: false, timeouts: {implicit: 0, pageLoad: 300000, script: 30000}, unhandledPromptBehavior: dismiss and notify}
Session ID: a349eb78f4b290c48e141ea296f577ff
*** Element info: {Using=xpath, value=//li/a[contains(text(),&apos;My addresses&apos;)]}
	at sun.reflect.NativeConstructorAccessorImpl.newInstance0(Native Method)
	at sun.reflect.NativeConstructorAccessorImpl.newInstance(Unknown Source)
	at sun.reflect.DelegatingConstructorAccessorImpl.newInstance(Unknown Source)
	at java.lang.reflect.Constructor.newInstance(Unknown Source)
	at org.openqa.selenium.remote.http.W3CHttpResponseCodec.createException(W3CHttpResponseCodec.java:187)
	at org.openqa.selenium.remote.http.W3CHttpResponseCodec.decode(W3CHttpResponseCodec.java:122)
	at org.openqa.selenium.remote.http.W3CHttpResponseCodec.decode(W3CHttpResponseCodec.java:49)
	at org.openqa.selenium.remote.HttpCommandExecutor.execute(HttpCommandExecutor.java:158)
	at org.openqa.selenium.remote.service.DriverCommandExecutor.execute(DriverCommandExecutor.java:83)
	at org.openqa.selenium.remote.RemoteWebDriver.execute(RemoteWebDriver.java:548)
	at org.openqa.selenium.remote.RemoteWebDriver.findElement(RemoteWebDriver.java:322)
	at org.openqa.selenium.remote.RemoteWebDriver.findElementByXPath(RemoteWebDriver.java:424)
	at org.openqa.selenium.By$ByXPath.findElement(By.java:353)
	at org.openqa.selenium.remote.RemoteWebDriver.findElement(RemoteWebDriver.java:314)
	at Library.functionalLibrary.customclick(functionalLibrary.java:33)
	at Pages.createAccount.giveAddress(createAccount.java:32)
	at TestRun.SampleTests.setUp(SampleTests.java:45)
</failure>
    <system-out>1.0|| Yes|| Ramkumar|| 33.0|| Xpath://li/a[contains(text(),&apos;My addresses&apos;)]
</system-out>
    <system-err>Starting ChromeDriver 80.0.3987.106 (f68069574609230cf9b635cd784cfb1bf81bb53a-refs/branch-heads/3987@{#882}) on port 18974
Only local connections are allowed.
Please protect ports used by ChromeDriver and related test frameworks to prevent access by malicious code.
[1589650574.890][WARNING]: This version of ChromeDriver has not been tested with Chrome version 81.
May 16, 2020 11:06:32 PM org.openqa.selenium.remote.ProtocolHandshake createSession
INFO: Detected dialect: W3C
[1589650595.606][SEVERE]: Timed out receiving message from renderer: 0.100
[1589650595.713][SEVERE]: Timed out receiving message from renderer: 0.100
[1589650595.827][SEVERE]: Timed out receiving message from renderer: 0.100
[1589650595.933][SEVERE]: Timed out receiving message from renderer: 0.100
[1589650596.041][SEVERE]: Timed out receiving message from renderer: 0.100
[1589650596.150][SEVERE]: Timed out receiving message from renderer: 0.100
[1589650596.259][SEVERE]: Timed out receiving message from renderer: 0.100
[1589650596.365][SEVERE]: Timed out receiving message from renderer: 0.100
[1589650596.473][SEVERE]: Timed out receiving message from renderer: 0.100
[1589650596.577][SEVERE]: Timed out receiving message from renderer: 0.100
[1589650596.685][SEVERE]: Timed out receiving message from renderer: 0.100
[1589650596.792][SEVERE]: Timed out receiving message from renderer: 0.100
[1589650596.896][SEVERE]: Timed out receiving message from renderer: 0.100
[1589650597.000][SEVERE]: Timed out receiving message from renderer: 0.100
[1589650597.105][SEVERE]: Timed out receiving message from renderer: 0.100
[1589650597.213][SEVERE]: Timed out receiving message from renderer: 0.100
[1589650597.317][SEVERE]: Timed out receiving message from renderer: 0.100
[1589650597.428][SEVERE]: Timed out receiving message from renderer: 0.100
[1589650597.534][SEVERE]: Timed out receiving message from renderer: 0.100
[1589650597.640][SEVERE]: Timed out receiving message from renderer: 0.100
[1589650597.745][SEVERE]: Timed out receiving message from renderer: 0.100
[1589650597.847][SEVERE]: Timed out receiving message from renderer: 0.100
[1589650597.975][SEVERE]: Timed out receiving message from renderer: 0.100
[1589650598.116][SEVERE]: Timed out receiving message from renderer: 0.100
[1589650598.241][SEVERE]: Timed out receiving message from renderer: 0.100
[1589650598.345][SEVERE]: Timed out receiving message from renderer: 0.100
[1589650598.450][SEVERE]: Timed out receiving message from renderer: 0.100
[1589650598.556][SEVERE]: Timed out receiving message from renderer: 0.100
[1589650598.659][SEVERE]: Timed out receiving message from renderer: 0.100
[1589650598.778][SEVERE]: Timed out receiving message from renderer: 0.100
[1589650598.881][SEVERE]: Timed out receiving message from renderer: 0.100
[1589650598.983][SEVERE]: Timed out receiving message from renderer: 0.100
[1589650599.093][SEVERE]: Timed out receiving message from renderer: 0.100
[1589650599.213][SEVERE]: Timed out receiving message from renderer: 0.100
[1589650599.316][SEVERE]: Timed out receiving message from renderer: 0.100
[1589650599.423][SEVERE]: Timed out receiving message from renderer: 0.100
[1589650599.528][SEVERE]: Timed out receiving message from renderer: 0.100
[1589650599.638][SEVERE]: Timed out receiving message from renderer: 0.100
[1589650599.780][SEVERE]: Timed out receiving message from renderer: 0.100
[1589650599.905][SEVERE]: Timed out receiving message from renderer: 0.100
[1589650600.011][SEVERE]: Timed out receiving message from renderer: 0.100
[1589650600.125][SEVERE]: Timed out receiving message from renderer: 0.100
[1589650600.232][SEVERE]: Timed out receiving message from renderer: 0.100
[1589650600.350][SEVERE]: Timed out receiving message from renderer: 0.100
[1589650600.467][SEVERE]: Timed out receiving message from renderer: 0.100
[1589650600.578][SEVERE]: Timed out receiving message from renderer: 0.100
[1589650600.684][SEVERE]: Timed out receiving message from renderer: 0.100
[1589650600.791][SEVERE]: Timed out receiving message from renderer: 0.100
[1589650600.895][SEVERE]: Timed out receiving message from renderer: 0.100
[1589650601.011][SEVERE]: Timed out receiving message from renderer: 0.100
[1589650601.165][SEVERE]: Timed out receiving message from renderer: 0.100
[1589650601.270][SEVERE]: Timed out receiving message from renderer: 0.100
[1589650601.375][SEVERE]: Timed out receiving message from renderer: 0.100
[1589650601.483][SEVERE]: Timed out receiving message from renderer: 0.100
[1589650601.588][SEVERE]: Timed out receiving message from renderer: 0.100
[1589650601.695][SEVERE]: Timed out receiving message from renderer: 0.100
[1589650601.800][SEVERE]: Timed out receiving message from renderer: 0.100
[1589650601.911][SEVERE]: Timed out receiving message from renderer: 0.100
[1589650602.015][SEVERE]: Timed out receiving message from renderer: 0.100
[1589650602.118][SEVERE]: Timed out receiving message from renderer: 0.100
[1589650602.222][SEVERE]: Timed out receiving message from renderer: 0.100
[1589650602.325][SEVERE]: Timed out receiving message from renderer: 0.100
[1589650602.431][SEVERE]: Timed out receiving message from renderer: 0.100
[1589650602.534][SEVERE]: Timed out receiving message from renderer: 0.100
[1589650602.638][SEVERE]: Timed out receiving message from renderer: 0.100
[1589650602.743][SEVERE]: Timed out receiving message from renderer: 0.100
[1589650602.848][SEVERE]: Timed out receiving message from renderer: 0.100
[1589650602.974][SEVERE]: Timed out receiving message from renderer: 0.100
[1589650603.078][SEVERE]: Timed out receiving message from renderer: 0.100
[1589650603.188][SEVERE]: Timed out receiving message from renderer: 0.100
[1589650603.324][SEVERE]: Timed out receiving message from renderer: 0.100
[1589650603.434][SEVERE]: Timed out receiving message from renderer: 0.100
[1589650603.540][SEVERE]: Timed out receiving message from renderer: 0.100
[1589650603.647][SEVERE]: Timed out receiving message from renderer: 0.100
[1589650603.757][SEVERE]: Timed out receiving message from renderer: 0.100
[1589650603.865][SEVERE]: Timed out receiving message from renderer: 0.100
[1589650603.987][SEVERE]: Timed out receiving message from renderer: 0.100
[1589650604.093][SEVERE]: Timed out receiving message from renderer: 0.100
[1589650604.203][SEVERE]: Timed out receiving message from renderer: 0.100
[1589650604.308][SEVERE]: Timed out receiving message from renderer: 0.100
[1589650604.412][SEVERE]: Timed out receiving message from renderer: 0.100
[1589650604.522][SEVERE]: Timed out receiving message from renderer: 0.100
[1589650604.631][SEVERE]: Timed out receiving message from renderer: 0.100
[1589650604.736][SEVERE]: Timed out receiving message from renderer: 0.100
[1589650604.840][SEVERE]: Timed out receiving message from renderer: 0.100
[1589650604.943][SEVERE]: Timed out receiving message from renderer: 0.100
[1589650605.048][SEVERE]: Timed out receiving message from renderer: 0.100
[1589650605.155][SEVERE]: Timed out receiving message from renderer: 0.100
[1589650605.258][SEVERE]: Timed out receiving message from renderer: 0.100
[1589650605.376][SEVERE]: Timed out receiving message from renderer: 0.100
[1589650605.482][SEVERE]: Timed out receiving message from renderer: 0.100
[1589650605.592][SEVERE]: Timed out receiving message from renderer: 0.100
[1589650605.697][SEVERE]: Timed out receiving message from renderer: 0.100
[1589650605.803][SEVERE]: Timed out receiving message from renderer: 0.100
[1589650605.910][SEVERE]: Timed out receiving message from renderer: 0.100
[1589650606.015][SEVERE]: Timed out receiving message from renderer: 0.100
[1589650606.128][SEVERE]: Timed out receiving message from renderer: 0.100
[1589650606.233][SEVERE]: Timed out receiving message from renderer: 0.100
[1589650606.340][SEVERE]: Timed out receiving message from renderer: 0.100
[1589650606.443][SEVERE]: Timed out receiving message from renderer: 0.100
[1589650606.547][SEVERE]: Timed out receiving message from renderer: 0.100
[1589650606.665][SEVERE]: Timed out receiving message from renderer: 0.100
[1589650606.774][SEVERE]: Timed out receiving message from renderer: 0.100
[1589650606.879][SEVERE]: Timed out receiving message from renderer: 0.100
[1589650607.023][SEVERE]: Timed out receiving message from renderer: 0.100
[1589650607.196][SEVERE]: Timed out receiving message from renderer: 0.100
[1589650607.304][SEVERE]: Timed out receiving message from renderer: 0.100
[1589650607.409][SEVERE]: Timed out receiving message from renderer: 0.100
[1589650607.516][SEVERE]: Timed out receiving message from renderer: 0.100
[1589650607.715][SEVERE]: Timed out receiving message from renderer: 0.100
[1589650607.823][SEVERE]: Timed out receiving message from renderer: 0.100
[1589650607.930][SEVERE]: Timed out receiving message from renderer: 0.100
[1589650608.040][SEVERE]: Timed out receiving message from renderer: 0.100
[1589650608.146][SEVERE]: Timed out receiving message from renderer: 0.100
[1589650608.306][SEVERE]: Timed out receiving message from renderer: 0.100
[1589650608.412][SEVERE]: Timed out receiving message from renderer: 0.100
[1589650608.526][SEVERE]: Timed out receiving message from renderer: 0.100
[1589650608.631][SEVERE]: Timed out receiving message from renderer: 0.100
[1589650608.741][SEVERE]: Timed out receiving message from renderer: 0.100
[1589650608.846][SEVERE]: Timed out receiving message from renderer: 0.100
[1589650608.959][SEVERE]: Timed out receiving message from renderer: 0.100
[1589650609.074][SEVERE]: Timed out receiving message from renderer: 0.100
[1589650609.181][SEVERE]: Timed out receiving message from renderer: 0.100
[1589650609.310][SEVERE]: Timed out receiving message from renderer: 0.100
[1589650609.421][SEVERE]: Timed out receiving message from renderer: 0.100
[1589650609.529][SEVERE]: Timed out receiving message from renderer: 0.100
[1589650609.638][SEVERE]: Timed out receiving message from renderer: 0.100
[1589650609.745][SEVERE]: Timed out receiving message from renderer: 0.100
[1589650609.855][SEVERE]: Timed out receiving message from renderer: 0.100
[1589650609.957][SEVERE]: Timed out receiving message from renderer: 0.100
[1589650610.063][SEVERE]: Timed out receiving message from renderer: 0.100
[1589650610.177][SEVERE]: Timed out receiving message from renderer: 0.100
[1589650610.281][SEVERE]: Timed out receiving message from renderer: 0.100
[1589650610.388][SEVERE]: Timed out receiving message from renderer: 0.100
[1589650610.497][SEVERE]: Timed out receiving message from renderer: 0.100
[1589650610.599][SEVERE]: Timed out receiving message from renderer: 0.100
[1589650610.725][SEVERE]: Timed out receiving message from renderer: 0.100
[1589650610.830][SEVERE]: Timed out receiving message from renderer: 0.100
[1589650610.935][SEVERE]: Timed out receiving message from renderer: 0.100
[1589650611.039][SEVERE]: Timed out receiving message from renderer: 0.100
[1589650611.145][SEVERE]: Timed out receiving message from renderer: 0.100
[1589650611.249][SEVERE]: Timed out receiving message from renderer: 0.100
[1589650611.357][SEVERE]: Timed out receiving message from renderer: 0.100
[1589650611.460][SEVERE]: Timed out receiving message from renderer: 0.100
[1589650611.570][SEVERE]: Timed out receiving message from renderer: 0.100
[1589650611.676][SEVERE]: Timed out receiving message from renderer: 0.100
[1589650611.793][SEVERE]: Timed out receiving message from renderer: 0.100
[1589650611.904][SEVERE]: Timed out receiving message from renderer: 0.100
[1589650612.012][SEVERE]: Timed out receiving message from renderer: 0.100
[1589650612.119][SEVERE]: Timed out receiving message from renderer: 0.100
[1589650612.235][SEVERE]: Timed out receiving message from renderer: 0.100
[1589650612.342][SEVERE]: Timed out receiving message from renderer: 0.100
[1589650612.457][SEVERE]: Timed out receiving message from renderer: 0.100
[1589650612.567][SEVERE]: Timed out receiving message from renderer: 0.100
[1589650612.675][SEVERE]: Timed out receiving message from renderer: 0.100
[1589650612.783][SEVERE]: Timed out receiving message from renderer: 0.100
[1589650612.893][SEVERE]: Timed out receiving message from renderer: 0.100
[1589650613.001][SEVERE]: Timed out receiving message from renderer: 0.100
[1589650613.109][SEVERE]: Timed out receiving message from renderer: 0.100
[1589650613.214][SEVERE]: Timed out receiving message from renderer: 0.100
[1589650613.322][SEVERE]: Timed out receiving message from renderer: 0.100
[1589650613.429][SEVERE]: Timed out receiving message from renderer: 0.100
[1589650613.538][SEVERE]: Timed out receiving message from renderer: 0.100
[1589650613.644][SEVERE]: Timed out receiving message from renderer: 0.100
[1589650613.750][SEVERE]: Timed out receiving message from renderer: 0.100
[1589650613.856][SEVERE]: Timed out receiving message from renderer: 0.100
[1589650613.962][SEVERE]: Timed out receiving message from renderer: 0.100
[1589650614.070][SEVERE]: Timed out receiving message from renderer: 0.100
[1589650614.174][SEVERE]: Timed out receiving message from renderer: 0.100
[1589650614.280][SEVERE]: Timed out receiving message from renderer: 0.100
[1589650614.390][SEVERE]: Timed out receiving message from renderer: 0.100
[1589650614.493][SEVERE]: Timed out receiving message from renderer: 0.100
[1589650614.597][SEVERE]: Timed out receiving message from renderer: 0.100
[1589650614.712][SEVERE]: Timed out receiving message from renderer: 0.100
[1589650614.826][SEVERE]: Timed out receiving message from renderer: 0.100
[1589650614.937][SEVERE]: Timed out receiving message from renderer: 0.100
[1589650615.052][SEVERE]: Timed out receiving message from renderer: 0.100
[1589650615.160][SEVERE]: Timed out receiving message from renderer: 0.100
[1589650615.265][SEVERE]: Timed out receiving message from renderer: 0.100
[1589650615.374][SEVERE]: Timed out receiving message from renderer: 0.100
[1589650615.479][SEVERE]: Timed out receiving message from renderer: 0.100
[1589650615.591][SEVERE]: Timed out receiving message from renderer: 0.100
[1589650615.705][SEVERE]: Timed out receiving message from renderer: 0.100
[1589650615.809][SEVERE]: Timed out receiving message from renderer: 0.100
[1589650615.914][SEVERE]: Timed out receiving message from renderer: 0.100
[1589650616.020][SEVERE]: Timed out receiving message from renderer: 0.100
[1589650616.127][SEVERE]: Timed out receiving message from renderer: 0.100
[1589650616.243][SEVERE]: Timed out receiving message from renderer: 0.100
[1589650616.356][SEVERE]: Timed out receiving message from renderer: 0.100
[1589650616.460][SEVERE]: Timed out receiving message from renderer: 0.100
[1589650616.563][SEVERE]: Timed out receiving message from renderer: 0.100
[1589650616.704][SEVERE]: Timed out receiving message from renderer: 0.100
[1589650616.810][SEVERE]: Timed out receiving message from renderer: 0.100
[1589650616.920][SEVERE]: Timed out receiving message from renderer: 0.100
[1589650617.029][SEVERE]: Timed out receiving message from renderer: 0.100
[1589650617.136][SEVERE]: Timed out receiving message from renderer: 0.100
[1589650617.242][SEVERE]: Timed out receiving message from renderer: 0.100
[1589650617.346][SEVERE]: Timed out receiving message from renderer: 0.100
[1589650617.456][SEVERE]: Timed out receiving message from renderer: 0.100
[1589650617.560][SEVERE]: Timed out receiving message from renderer: 0.100
[1589650617.669][SEVERE]: Timed out receiving message from renderer: 0.100
[1589650617.774][SEVERE]: Timed out receiving message from renderer: 0.100
[1589650617.878][SEVERE]: Timed out receiving message from renderer: 0.100
[1589650617.982][SEVERE]: Timed out receiving message from renderer: 0.100
[1589650618.086][SEVERE]: Timed out receiving message from renderer: 0.100
[1589650618.193][SEVERE]: Timed out receiving message from renderer: 0.100
[1589650618.312][SEVERE]: Timed out receiving message from renderer: 0.100
[1589650618.419][SEVERE]: Timed out receiving message from renderer: 0.100
[1589650618.525][SEVERE]: Timed out receiving message from renderer: 0.100
[1589650618.629][SEVERE]: Timed out receiving message from renderer: 0.100
[1589650618.733][SEVERE]: Timed out receiving message from renderer: 0.100
[1589650618.840][SEVERE]: Timed out receiving message from renderer: 0.100
[1589650618.943][SEVERE]: Timed out receiving message from renderer: 0.100
[1589650619.050][SEVERE]: Timed out receiving message from renderer: 0.100
[1589650619.157][SEVERE]: Timed out receiving message from renderer: 0.100
[1589650619.261][SEVERE]: Timed out receiving message from renderer: 0.100
[1589650619.377][SEVERE]: Timed out receiving message from renderer: 0.100
[1589650619.492][SEVERE]: Timed out receiving message from renderer: 0.100
[1589650619.597][SEVERE]: Timed out receiving message from renderer: 0.100
[1589650619.715][SEVERE]: Timed out receiving message from renderer: 0.100
[1589650619.825][SEVERE]: Timed out receiving message from renderer: 0.100
[1589650619.930][SEVERE]: Timed out receiving message from renderer: 0.100
[1589650620.037][SEVERE]: Timed out receiving message from renderer: 0.100
[1589650620.142][SEVERE]: Timed out receiving message from renderer: 0.100
[1589650620.247][SEVERE]: Timed out receiving message from renderer: 0.100
[1589650620.355][SEVERE]: Timed out receiving message from renderer: 0.100
[1589650620.459][SEVERE]: Timed out receiving message from renderer: 0.100
[1589650620.564][SEVERE]: Timed out receiving message from renderer: 0.100
[1589650620.671][SEVERE]: Timed out receiving message from renderer: 0.100
[1589650620.774][SEVERE]: Timed out receiving message from renderer: 0.100
[1589650620.878][SEVERE]: Timed out receiving message from renderer: 0.100
[1589650620.984][SEVERE]: Timed out receiving message from renderer: 0.100
[1589650621.088][SEVERE]: Timed out receiving message from renderer: 0.100
[1589650621.191][SEVERE]: Timed out receiving message from renderer: 0.100
[1589650621.297][SEVERE]: Timed out receiving message from renderer: 0.100
[1589650621.407][SEVERE]: Timed out receiving message from renderer: 0.100
[1589650621.509][SEVERE]: Timed out receiving message from renderer: 0.100
[1589650621.612][SEVERE]: Timed out receiving message from renderer: 0.100
[1589650621.724][SEVERE]: Timed out receiving message from renderer: 0.100
[1589650621.829][SEVERE]: Timed out receiving message from renderer: 0.100
[1589650621.946][SEVERE]: Timed out receiving message from renderer: 0.100
[1589650622.055][SEVERE]: Timed out receiving message from renderer: 0.100
[1589650622.158][SEVERE]: Timed out receiving message from renderer: 0.100
[1589650622.271][SEVERE]: Timed out receiving message from renderer: 0.100
[1589650622.375][SEVERE]: Timed out receiving message from renderer: 0.100
[1589650622.480][SEVERE]: Timed out receiving message from renderer: 0.100
[1589650622.586][SEVERE]: Timed out receiving message from renderer: 0.100
[1589650622.689][SEVERE]: Timed out receiving message from renderer: 0.100
[1589650622.792][SEVERE]: Timed out receiving message from renderer: 0.100
[1589650622.895][SEVERE]: Timed out receiving message from renderer: 0.100
[1589650622.998][SEVERE]: Timed out receiving message from renderer: 0.100
[1589650623.108][SEVERE]: Timed out receiving message from renderer: 0.100
[1589650623.211][SEVERE]: Timed out receiving message from renderer: 0.100
[1589650623.319][SEVERE]: Timed out receiving message from renderer: 0.100
[1589650623.424][SEVERE]: Timed out receiving message from renderer: 0.100
[1589650623.528][SEVERE]: Timed out receiving message from renderer: 0.100
[1589650623.632][SEVERE]: Timed out receiving message from renderer: 0.100
[1589650623.737][SEVERE]: Timed out receiving message from renderer: 0.100
[1589650623.842][SEVERE]: Timed out receiving message from renderer: 0.100
[1589650623.945][SEVERE]: Timed out receiving message from renderer: 0.100
[1589650624.047][SEVERE]: Timed out receiving message from renderer: 0.100
[1589650624.159][SEVERE]: Timed out receiving message from renderer: 0.100
[1589650624.262][SEVERE]: Timed out receiving message from renderer: 0.100
[1589650624.369][SEVERE]: Timed out receiving message from renderer: 0.100
[1589650624.474][SEVERE]: Timed out receiving message from renderer: 0.100
[1589650624.580][SEVERE]: Timed out receiving message from renderer: 0.100
[1589650624.688][SEVERE]: Timed out receiving message from renderer: 0.100
[1589650624.793][SEVERE]: Timed out receiving message from renderer: 0.100
[1589650624.900][SEVERE]: Timed out receiving message from renderer: 0.100
[1589650625.006][SEVERE]: Timed out receiving message from renderer: 0.100
[1589650625.198][SEVERE]: Timed out receiving message from renderer: 0.100
[1589650625.323][SEVERE]: Timed out receiving message from renderer: 0.100
[1589650625.429][SEVERE]: Timed out receiving message from renderer: 0.100
[1589650625.595][SEVERE]: Timed out receiving message from renderer: 0.100
[1589650625.730][SEVERE]: Timed out receiving message from renderer: 0.100
[1589650625.842][SEVERE]: Timed out receiving message from renderer: 0.100
[1589650625.945][SEVERE]: Timed out receiving message from renderer: 0.100
[1589650626.048][SEVERE]: Timed out receiving message from renderer: 0.100
[1589650626.151][SEVERE]: Timed out receiving message from renderer: 0.100
[1589650626.254][SEVERE]: Timed out receiving message from renderer: 0.100
[1589650626.356][SEVERE]: Timed out receiving message from renderer: 0.100
[1589650626.460][SEVERE]: Timed out receiving message from renderer: 0.100
[1589650626.565][SEVERE]: Timed out receiving message from renderer: 0.100
[1589650626.669][SEVERE]: Timed out receiving message from renderer: 0.100
[1589650626.774][SEVERE]: Timed out receiving message from renderer: 0.100
[1589650626.878][SEVERE]: Timed out receiving message from renderer: 0.100
[1589650626.984][SEVERE]: Timed out receiving message from renderer: 0.100
[1589650627.100][SEVERE]: Timed out receiving message from renderer: 0.100
[1589650627.205][SEVERE]: Timed out receiving message from renderer: 0.100
[1589650627.317][SEVERE]: Timed out receiving message from renderer: 0.100
[1589650627.425][SEVERE]: Timed out receiving message from renderer: 0.100
[1589650627.543][SEVERE]: Timed out receiving message from renderer: 0.100
[1589650627.738][SEVERE]: Timed out receiving message from renderer: 0.100
[1589650627.847][SEVERE]: Timed out receiving message from renderer: 0.100
[1589650627.957][SEVERE]: Timed out receiving message from renderer: 0.100
[1589650628.075][SEVERE]: Timed out receiving message from renderer: 0.100
[1589650628.180][SEVERE]: Timed out receiving message from renderer: 0.100
[1589650628.302][SEVERE]: Timed out receiving message from renderer: 0.100
[1589650628.419][SEVERE]: Timed out receiving message from renderer: 0.100
[1589650628.553][SEVERE]: Timed out receiving message from renderer: 0.100
[1589650628.657][SEVERE]: Timed out receiving message from renderer: 0.100
[1589650628.761][SEVERE]: Timed out receiving message from renderer: 0.100
[1589650628.869][SEVERE]: Timed out receiving message from renderer: 0.100
[1589650628.976][SEVERE]: Timed out receiving message from renderer: 0.100
[1589650629.092][SEVERE]: Timed out receiving message from renderer: 0.100
[1589650629.196][SEVERE]: Timed out receiving message from renderer: 0.100
[1589650629.301][SEVERE]: Timed out receiving message from renderer: 0.100
[1589650629.410][SEVERE]: Timed out receiving message from renderer: 0.100
[1589650629.518][SEVERE]: Timed out receiving message from renderer: 0.100
[1589650629.627][SEVERE]: Timed out receiving message from renderer: 0.100
[1589650629.740][SEVERE]: Timed out receiving message from renderer: 0.100
[1589650629.846][SEVERE]: Timed out receiving message from renderer: 0.100
[1589650629.952][SEVERE]: Timed out receiving message from renderer: 0.100
[1589650630.056][SEVERE]: Timed out receiving message from renderer: 0.100
[1589650630.159][SEVERE]: Timed out receiving message from renderer: 0.100
[1589650630.262][SEVERE]: Timed out receiving message from renderer: 0.100
[1589650630.370][SEVERE]: Timed out receiving message from renderer: 0.100
[1589650630.472][SEVERE]: Timed out receiving message from renderer: 0.100
[1589650630.576][SEVERE]: Timed out receiving message from renderer: 0.100
[1589650630.685][SEVERE]: Timed out receiving message from renderer: 0.100
[1589650630.793][SEVERE]: Timed out receiving message from renderer: 0.100
[1589650630.900][SEVERE]: Timed out receiving message from renderer: 0.100
[1589650631.006][SEVERE]: Timed out receiving message from renderer: 0.100
[1589650631.117][SEVERE]: Timed out receiving message from renderer: 0.100
[1589650631.254][SEVERE]: Timed out receiving message from renderer: 0.100
[1589650631.371][SEVERE]: Timed out receiving message from renderer: 0.100
[1589650631.495][SEVERE]: Timed out receiving message from renderer: 0.100
[1589650631.611][SEVERE]: Timed out receiving message from renderer: 0.100
[1589650631.717][SEVERE]: Timed out receiving message from renderer: 0.100
[1589650631.823][SEVERE]: Timed out receiving message from renderer: 0.100
[1589650631.926][SEVERE]: Timed out receiving message from renderer: 0.100
[1589650632.031][SEVERE]: Timed out receiving message from renderer: 0.100
[1589650632.139][SEVERE]: Timed out receiving message from renderer: 0.100
[1589650632.245][SEVERE]: Timed out receiving message from renderer: 0.100
[1589650632.352][SEVERE]: Timed out receiving message from renderer: 0.100
[1589650632.458][SEVERE]: Timed out receiving message from renderer: 0.100
[1589650632.568][SEVERE]: Timed out receiving message from renderer: 0.100
[1589650632.680][SEVERE]: Timed out receiving message from renderer: 0.100
[1589650632.786][SEVERE]: Timed out receiving message from renderer: 0.100
[1589650632.892][SEVERE]: Timed out receiving message from renderer: 0.100
[1589650632.995][SEVERE]: Timed out receiving message from renderer: 0.100
[1589650633.100][SEVERE]: Timed out receiving message from renderer: 0.100
[1589650633.205][SEVERE]: Timed out receiving message from renderer: 0.100
[1589650633.309][SEVERE]: Timed out receiving message from renderer: 0.100
[1589650633.411][SEVERE]: Timed out receiving message from renderer: 0.100
[1589650633.518][SEVERE]: Timed out receiving message from renderer: 0.100
[1589650633.624][SEVERE]: Timed out receiving message from renderer: 0.100
[1589650633.730][SEVERE]: Timed out receiving message from renderer: 0.100
[1589650633.835][SEVERE]: Timed out receiving message from renderer: 0.100
[1589650633.940][SEVERE]: Timed out receiving message from renderer: 0.100
[1589650634.044][SEVERE]: Timed out receiving message from renderer: 0.100
[1589650634.159][SEVERE]: Timed out receiving message from renderer: 0.100
[1589650634.270][SEVERE]: Timed out receiving message from renderer: 0.100
[1589650634.375][SEVERE]: Timed out receiving message from renderer: 0.100
[1589650634.489][SEVERE]: Timed out receiving message from renderer: 0.100
[1589650634.627][SEVERE]: Timed out receiving message from renderer: 0.100
[1589650634.769][SEVERE]: Timed out receiving message from renderer: 0.100
[1589650634.875][SEVERE]: Timed out receiving message from renderer: 0.100
[1589650638.593][WARNING]: Timed out connecting to Chrome, retrying...
</system-err>
  </testcase>
</testsuite>